 Output from the Test HF code based on the notes + integrals
Based on input, the charge, number of electrons and n. occ orbs is:   0  4  2
Nuclear repulsion energy:     2.4540718720
Successfully read overlap integrals from extended input file. N integrals:   10
Successfully read kinetic integrals from extended input file. N integrals:   10
Successfully read VNe integrals from extended input file. N integrals:   10
Successfully read two-electron integrals from extended input file. N integrals:   55
 Starting the SCF calculation.
 Eigenvalues of overlap matrix:
    0.316924    0.364377    1.444643    1.874056
 Inverse square root of S:
    1.248856   -0.467620   -0.055303    0.004547
   -0.467620    1.248856    0.004547   -0.055303
   -0.055303    0.004547    1.248856   -0.467620
    0.004547   -0.055303   -0.467620    1.248856
 First set of orbital coeffs: 
    0.365240    0.365240    0.365240    0.365240
    0.415997    0.415997   -0.415997   -0.415997
    0.828313   -0.828313    0.828313   -0.828313
    0.888163   -0.888163   -0.888163    0.888163
 First density matrix: 
    0.612907    0.612907   -0.079305   -0.079305
    0.612907    0.612907   -0.079305   -0.079305
   -0.079305   -0.079305    0.612907    0.612907
   -0.079305   -0.079305    0.612907    0.612907
 Starting SCF cycles with maximum number of cycles:           30
 Required maximum change in density matrix:    9.9999999999999995E-007
 Cycle  ;  Max Delta P  ;      Eelec    ;   Etot
   1       0.0000000000       0.0000000000       2.4540718720
   2       0.0000000000      -4.6737990826      -2.2197272105
 SCF has converged
 Gradient from kinetic energy term
   -0.00138104    0.00000000    0.38636520
   -0.00138104    0.00000000   -0.38636520
    0.00138104    0.00000000    0.38636520
    0.00138104    0.00000000   -0.38636520
 Gradient from nucleus-electrons energy term
   -0.33123398    0.00000000   -1.57527032
   -0.33123398    0.00000000    1.57527032
    0.33123398    0.00000000   -1.57527032
    0.33123398    0.00000000    1.57527032
 Gradient from overlap term
   -0.00617600    0.00000000    0.24013382
   -0.00617600    0.00000000   -0.24013382
    0.00617600    0.00000000    0.24013382
    0.00617600    0.00000000   -0.24013382
