 Output from the Test HF code based on the notes + integrals
Based on input, the charge, number of electrons and n. occ orbs is:   0  4  2
Nuclear repulsion energy:     2.4540718720
 Starting the SCF calculation.
 Eigenvalues of overlap matrix:
    0.066269    0.122639    0.364313    0.520604    0.575840    0.618443    2.347488
    3.384406
 Inverse square root of S:
    1.300060   -0.521193   -0.190932    0.073131    0.001168    0.047829   -0.002224
    0.004178
   -0.521193    2.092060    0.073131   -1.081703    0.047829   -0.364968    0.004178
    0.176060
   -0.190932    0.073131    1.300060   -0.521193   -0.002224    0.004178    0.001168
    0.047829
    0.073131   -1.081703   -0.521193    2.092060    0.004178    0.176060    0.047829
   -0.364968
    0.001168    0.047829   -0.002224    0.004178    1.300060   -0.521193   -0.190932
    0.073131
    0.047829   -0.364968    0.004178    0.176060   -0.521193    2.092060    0.073131
   -1.081703
   -0.002224    0.004178    0.001168    0.047829   -0.190932    0.073131    1.300060
   -0.521193
    0.004178    0.176060    0.047829   -0.364968    0.073131   -1.081703   -0.521193
    2.092060
 First set of orbital coeffs: 
   -0.295246   -0.113945   -0.295246   -0.113945   -0.295246   -0.113945   -0.295246
   -0.113945
   -0.336036   -0.108510   -0.336036   -0.108510    0.336036    0.108510    0.336036
    0.108510
    0.281957    0.813480   -0.281957   -0.813480    0.281957    0.813480   -0.281957
   -0.813480
   -0.346500   -0.990101    0.346500    0.990101    0.346500    0.990101   -0.346500
   -0.990101
    0.508921   -0.441505    0.508921   -0.441505    0.508921   -0.441505    0.508921
   -0.441505
   -0.507665    0.640548   -0.507665    0.640548    0.507665   -0.640548    0.507665
   -0.640548
    0.744719   -1.070927   -0.744719    1.070927    0.744719   -1.070927   -0.744719
    1.070927
   -0.731389    1.603549    0.731389   -1.603549    0.731389   -1.603549   -0.731389
    1.603549
 First density matrix: 
    0.400181    0.140210    0.400181    0.140210   -0.051501   -0.005643   -0.051501
   -0.005643
    0.140210    0.049516    0.140210    0.049516   -0.005643    0.002418   -0.005643
    0.002418
    0.400181    0.140210    0.400181    0.140210   -0.051501   -0.005643   -0.051501
   -0.005643
    0.140210    0.049516    0.140210    0.049516   -0.005643    0.002418   -0.005643
    0.002418
   -0.051501   -0.005643   -0.051501   -0.005643    0.400181    0.140210    0.400181
    0.140210
   -0.005643    0.002418   -0.005643    0.002418    0.140210    0.049516    0.140210
    0.049516
   -0.051501   -0.005643   -0.051501   -0.005643    0.400181    0.140210    0.400181
    0.140210
   -0.005643    0.002418   -0.005643    0.002418    0.140210    0.049516    0.140210
    0.049516
 Starting SCF cycles with maximum number of cycles:           30
 Required maximum change in density matrix:    9.9999999999999995E-007
 Cycle  ;  Max Delta P  ;      Eelec    ;   Etot
   1       0.1583747007       0.0000000000       2.4540718720
   2       0.0219282018      -4.6915144331      -2.2374425611
   3       0.0032094079      -4.6942894259      -2.2402175538
   4       0.0004764693      -4.6943517919      -2.2402799198
   5       0.0000710619      -4.6943531881      -2.2402813160
   6       0.0000106326      -4.6943532196      -2.2402813476
   7       0.0000015960      -4.6943532204      -2.2402813483
   8       0.0000002404      -4.6943532204      -2.2402813483
 SCF has converged
