 Output from the Test HF code based on the notes + integrals
Based on input, the charge, number of electrons and n. occ orbs is:   0 16  8
Nuclear repulsion energy:    25.0582846987
Successfully read overlap integrals from extended input file. N integrals:   78
Successfully read kinetic integrals from extended input file. N integrals:   78
Successfully read VNe integrals from extended input file. N integrals:   78
Successfully read two-electron integrals from extended input file. N integrals: 3081
 Checking Overlap Integrals. Largest difference from reference is:
  0.000000001335
 Checking Kinetic Integrals. Largest difference from reference is:
  0.000000000168
 Checking Nuclear-Electronic Integrals. Largest difference from reference is:
  0.000000005289
 Checking Two-electron Integrals. Largest difference from reference is:
  0.000000000749
 Checking Overlap Integral derivatives. Largest difference from reference is:
  0.000000004956
 Checking Kinetic Integral derivatives. Largest difference from reference is:
  0.000000005008
 Checking Nuclear-Electronic Integral derivs. Largest difference from reference is:
  0.000000005051
 Checking Two-electron Integral derivs. Largest difference from reference is:
  0.000000009613
 Starting the SCF calculation.
 Eigenvalues of overlap matrix:
    0.370658    0.377032    0.388428    0.450448    0.935466    0.937614    0.939145
    0.942824    1.145674    1.155962    1.166269    3.190480
 Inverse square root of S:
    1.106479    0.011067   -0.145115    0.041704    0.010176   -0.156003    0.041623
    0.010189   -0.153263    0.044580    0.001863    0.063636
    0.011067    1.025340   -0.148354    0.010023    0.002856    0.007321    0.009942
    0.002845    0.007567    0.001332    0.003062    0.007802
   -0.145115   -0.148354    1.315371   -0.152051    0.007932   -0.162280   -0.151346
    0.008210   -0.162958    0.064073    0.008086   -0.173459
    0.041704    0.010023   -0.152051    1.108724    0.010111   -0.155041    0.042764
    0.001843    0.064067    0.044591    0.010074   -0.151639
    0.010176    0.002856    0.007932    0.010111    1.025371   -0.149122    0.001970
    0.003345    0.007962    0.009038    0.003345    0.007627
   -0.156003    0.007321   -0.162280   -0.155041   -0.149122    1.338494    0.062704
    0.007058   -0.182203   -0.163023    0.007197   -0.178069
    0.041623    0.009942   -0.151346    0.042764    0.001970    0.062704    1.108584
    0.010032   -0.153568    0.042286    0.009985   -0.152897
    0.010189    0.002845    0.008210    0.001843    0.003345    0.007058    0.010032
    1.025384   -0.148769    0.011154    0.003110    0.007320
   -0.153263    0.007567   -0.162958    0.064067    0.007962   -0.182203   -0.153568
   -0.148769    1.324239   -0.140517    0.007803   -0.171084
    0.044580    0.001332    0.064073    0.044591    0.009038   -0.163023    0.042286
    0.011154   -0.140517    1.108776    0.010242   -0.152919
    0.001863    0.003062    0.008086    0.010074    0.003345    0.007197    0.009985
    0.003110    0.007803    0.010242    1.025380   -0.149003
    0.063636    0.007802   -0.173459   -0.151639    0.007627   -0.178069   -0.152897
    0.007320   -0.171084   -0.152919   -0.149003    1.332071
 First set of orbital coeffs: 
    0.005604   -0.000671    0.004040    0.005631    1.006218   -0.033430   -0.001469
    0.000068    0.004539    0.005742    0.000342    0.004372
    0.001500    0.000548   -0.004310   -0.005590    0.000202   -0.004319   -0.005581
    0.001028   -0.004277   -0.005582   -1.006221    0.033271
   -0.005603    0.001686   -0.004148    0.001505   -0.000072   -0.004395   -0.005631
   -1.006219    0.033047   -0.005379   -0.001130   -0.004123
    0.005489    1.006200   -0.032794    0.005640    0.000725    0.003957    0.005633
    0.001716    0.003952   -0.001544    0.000609    0.004293
    0.357856   -0.074594    0.059910    0.431976   -0.078045    0.071737    0.435639
   -0.073809    0.066261    0.379025   -0.079409    0.071787
   -0.017308   -0.008187    0.010754   -0.604846    0.041692   -0.053016    0.785099
   -0.030262    0.038142   -0.178570    0.000337   -0.000164
   -0.159030   -0.034734    0.044899    0.580796    0.022833   -0.026252    0.266646
    0.031563   -0.044263   -0.760682   -0.003191    0.005630
    0.873977   -0.021206    0.031687   -0.187845   -0.013751    0.021636   -0.219238
   -0.016176    0.020641   -0.403842    0.040816   -0.057353
   -0.478860   -0.078795    0.234895   -0.476651   -0.113953    0.469773   -0.496927
   -0.126927    0.531332   -0.561627   -0.126594    0.540021
    0.324065   -0.024566    0.150834   -0.133024    0.125753   -0.827886   -0.216706
    0.079128   -0.502340    0.050283   -0.177825    1.168797
    0.053756    0.084624   -0.516949    0.370753    0.128168   -0.831649   -0.163575
   -0.175536    1.168165   -0.061600    0.002840    0.013895
    0.219601    0.200373   -1.246418    0.043491   -0.088810    0.613251    0.249663
    0.028097   -0.164989   -0.264870   -0.077487    0.542328
 First density matrix: 
    1.835165   -0.068102    0.083332   -0.182872   -0.077312    0.099051   -0.183320
   -0.078795    0.095972   -0.186410    0.012518   -0.050415
   -0.068102    2.039459   -0.079596   -0.075580    0.010066   -0.000939   -0.075761
    0.010062   -0.000257    0.013210    0.010450   -0.000010
    0.083332   -0.079596    0.015705    0.078712    0.000806    0.006013    0.078848
    0.000541    0.005633   -0.052087    0.001439    0.004970
   -0.182872   -0.075580    0.078712    1.850296   -0.074835    0.087191   -0.181165
    0.012560   -0.047821   -0.188315   -0.076797    0.090018
   -0.077312    0.010066    0.000806   -0.074835    2.042032   -0.084683    0.012722
    0.011170   -0.000619   -0.086131    0.011438   -0.000566
    0.099051   -0.000939    0.006013    0.087191   -0.084683    0.020571   -0.043988
   -0.000893    0.008154    0.095478   -0.000811    0.007030
   -0.183320   -0.075761    0.078848   -0.181165    0.012722   -0.043988    1.850847
   -0.076560    0.084673   -0.178657   -0.077008    0.090150
   -0.078795    0.010062    0.000541    0.012560    0.011170   -0.000893   -0.076560
    2.040205   -0.082052   -0.069289    0.010388    0.000005
    0.095972   -0.000257    0.005633   -0.047821   -0.000619    0.008154    0.084673
   -0.082052    0.018754    0.087009    0.000009    0.006151
   -0.186410    0.013210   -0.052087   -0.188315   -0.086131    0.095478   -0.178657
   -0.069289    0.087009    1.834735   -0.077180    0.091945
    0.012518    0.010450    0.001439   -0.076797    0.011438   -0.000811   -0.077008
    0.010388    0.000009   -0.077180    2.040929   -0.083058
   -0.050415   -0.000010    0.004970    0.090018   -0.000566    0.007030    0.090150
    0.000005    0.006151    0.091945   -0.083058    0.019272
 Starting SCF cycles with maximum number of cycles:           30
 Required maximum change in density matrix:    9.9999999999999995E-007
 Cycle  ;  Max Delta P  ;      Eelec    ;   Etot
   1       0.5859079705       0.0000000000      25.0582846987
   2       0.1302918114     -56.3105951295     -31.2523104308
   3       0.0210252044     -56.3217757213     -31.2634910225
   4       0.0033597509     -56.3220175763     -31.2637328775
   5       0.0006004827     -56.3220248130     -31.2637401142
   6       0.0001232274     -56.3220251476     -31.2637404488
   7       0.0000509503     -56.3220251691     -31.2637404703
   8       0.0000220936     -56.3220251711     -31.2637404723
   9       0.0000098090     -56.3220251713     -31.2637404726
  10       0.0000044094     -56.3220251714     -31.2637404726
  11       0.0000019959     -56.3220251714     -31.2637404727
  12       0.0000009072     -56.3220251714     -31.2637404727
 SCF has converged
 Gradient from kinetic energy term
    0.02331918    0.02234181    0.01992658
    0.01468197    0.01667509   -0.01514602
    0.02188225   -0.02267472   -0.02072873
    0.01479860   -0.01492159    0.01442559
   -0.02071701    0.02214959   -0.02194307
   -0.01610268    0.01228814    0.01598885
   -0.02353056   -0.02104559    0.02256370
   -0.01433175   -0.01481273   -0.01508691
 Gradient from nucleus-electrons energy term
   -0.90022752   -0.87680295   -0.83671977
   -1.48856098   -1.51098899    1.52999367
   -0.87920051    0.88138775    0.83951229
   -1.46278584    1.48470296   -1.50080880
    0.84843122   -0.87782078    0.86102894
    1.50222285   -1.46299999   -1.50660963
    0.89310810    0.88534630   -0.88290293
    1.48701268    1.47717569    1.49650626
 Gradient from overlap term
    0.00978031    0.00907899    0.00832835
   -0.00113944   -0.00000775    0.00007134
    0.00857018   -0.00953630   -0.00798107
   -0.00323016    0.00213559   -0.00251336
   -0.00808861    0.00884811   -0.00893559
    0.00079771   -0.00374965   -0.00059910
   -0.00940443   -0.00886436    0.00951195
    0.00271444    0.00209538    0.00211748
 Gradient from 2-electron term
    0.49405875    0.47964770    0.45584024
    0.61770325    0.64108623   -0.64781695
    0.47588241   -0.48374471   -0.45356190
    0.59019799   -0.61376592    0.61547216
   -0.45559972    0.47950171   -0.47113938
   -0.62935953    0.59186470    0.62958665
   -0.48490160   -0.48698452    0.48659905
   -0.60798150   -0.60760509   -0.61497994
 Nuclear repulsion gradient
    0.37624659    0.36956690    0.35647339
    0.85217132    0.84601102   -0.85809572
    0.37747581   -0.36915131   -0.36278790
    0.85963818   -0.85281308    0.86796446
   -0.36997340    0.37126544   -0.36325721
   -0.85172626    0.85708656    0.85531864
   -0.38104298   -0.37010548    0.36736227
   -0.86278927   -0.85186005   -0.86297793
 Overall Gradient 
    0.00317730    0.00383245    0.00384880
   -0.00514387   -0.00722440    0.00900632
    0.00461014   -0.00371928   -0.00554731
   -0.00138124    0.00533795   -0.00545995
   -0.00594752    0.00394407   -0.00424631
    0.00583209   -0.00551025   -0.00631458
   -0.00577148   -0.00165365    0.00313405
    0.00462461    0.00499320    0.00557895
